-------------------------------------------------------------------------------
Test set: uk.ac.bris.cs.scotlandyard.model.ModelTest
-------------------------------------------------------------------------------
Tests run: 124, Failures: 9, Errors: 94, Skipped: 0, Time elapsed: 0.765 s <<< FAILURE! - in uk.ac.bris.cs.scotlandyard.model.ModelTest
testGetGraphMatchesSupplied[ScotlandYardModel](uk.ac.bris.cs.scotlandyard.model.ModelCreationTest)  Time elapsed: 0.009 s  <<< ERROR!
java.lang.RuntimeException: Implement me
	at uk.ac.bris.cs.scotlandyard.model.ModelCreationTest.testGetGraphMatchesSupplied(ModelCreationTest.java:196)

testWinningPlayerIsEmptyInitially[ScotlandYardModel](uk.ac.bris.cs.scotlandyard.model.ModelCreationTest)  Time elapsed: 0.001 s  <<< ERROR!
java.lang.RuntimeException: Implement me
	at uk.ac.bris.cs.scotlandyard.model.ModelCreationTest.testWinningPlayerIsEmptyInitially(ModelCreationTest.java:227)

testGetPlayerTicketsMatchesSupplied[ScotlandYardModel](uk.ac.bris.cs.scotlandyard.model.ModelCreationTest)  Time elapsed: 0.023 s  <<< ERROR!
java.lang.RuntimeException: Implement me
	at uk.ac.bris.cs.scotlandyard.model.ModelCreationTest.testGetPlayerTicketsMatchesSupplied(ModelCreationTest.java:290)

testGetPlayersIsImmutable[ScotlandYardModel](uk.ac.bris.cs.scotlandyard.model.ModelCreationTest)  Time elapsed: 0.026 s  <<< FAILURE!
java.lang.AssertionError: 

Expecting:
  <java.lang.RuntimeException: Implement me>
to be an instance of:
  <java.lang.UnsupportedOperationException>
but was:
  <"java.lang.RuntimeException: Implement me
	at uk.ac.bris.cs.scotlandyard.model.ScotlandYardModel.getPlayers(ScotlandYardModel.java:144)
	at uk.ac.bris.cs.scotlandyard.model.ModelCreationTest.lambda$testGetPlayersIsImmutable$19(ModelCreationTest.java:216)
	at org.assertj.core.api.ThrowableAssert.catchThrowable(ThrowableAssert.java:62)
	at org.assertj.core.api.AssertionsForClassTypes.catchThrowable(AssertionsForClassTypes.java:779)
	at org.assertj.core.api.Assertions.catchThrowable(Assertions.java:1198)
	at org.assertj.core.api.Assertions.assertThatThrownBy(Assertions.java:1092)
	at uk.ac.bris.cs.scotlandyard.model.ModelCreationTest.testGetPlayersIsImmutable(ModelCreationTest.java:216)
	at sun.reflect.NativeMethodAccessorImpl.invoke0(Native Method)
	at sun.reflect.NativeMethodAccessorImpl.invoke(NativeMethodAccessorImpl.java:62)
	at sun.reflect.DelegatingMethodAccessorImpl.invoke(DelegatingMethodAccessorImpl.java:43)
	at java.lang.reflect.Method.invoke(Method.java:498)
	at org.junit.runners.model.FrameworkMethod$1.runReflectiveCall(FrameworkMethod.java:50)
	at org.junit.internal.runners.model.ReflectiveCallable.run(ReflectiveCallable.java:12)
	at org.junit.runners.model.FrameworkMethod.invokeExplosively(FrameworkMethod.java:47)
	at org.junit.internal.runners.statements.InvokeMethod.evaluate(InvokeMethod.java:17)
	at org.junit.internal.runners.statements.RunBefores.evaluate(RunBefores.java:26)
	at org.junit.internal.runners.statements.RunAfters.evaluate(RunAfters.java:27)
	at org.junit.runners.ParentRunner.runLeaf(ParentRunner.java:325)
	at org.junit.runners.BlockJUnit4ClassRunner.runChild(BlockJUnit4ClassRunner.java:78)
	at org.junit.runners.BlockJUnit4ClassRunner.runChild(BlockJUnit4ClassRunner.java:57)
	at org.junit.runners.ParentRunner$3.run(ParentRunner.java:290)
	at org.junit.runners.ParentRunner$1.schedule(ParentRunner.java:71)
	at org.junit.runners.ParentRunner.runChildren(ParentRunner.java:288)
	at org.junit.runners.ParentRunner.access$000(ParentRunner.java:58)
	at org.junit.runners.ParentRunner$2.evaluate(ParentRunner.java:268)
	at org.junit.runners.ParentRunner.run(ParentRunner.java:363)
	at org.junit.runners.Suite.runChild(Suite.java:128)
	at org.junit.runners.Suite.runChild(Suite.java:27)
	at org.junit.runners.ParentRunner$3.run(ParentRunner.java:290)
	at org.junit.runners.ParentRunner$1.schedule(ParentRunner.java:71)
	at org.junit.runners.ParentRunner.runChildren(ParentRunner.java:288)
	at org.junit.runners.ParentRunner.access$000(ParentRunner.java:58)
	at org.junit.runners.ParentRunner$2.evaluate(ParentRunner.java:268)
	at org.junit.internal.runners.statements.RunBefores.evaluate(RunBefores.java:26)
	at org.junit.runners.ParentRunner.run(ParentRunner.java:363)
	at org.junit.runners.Suite.runChild(Suite.java:128)
	at org.junit.runners.Suite.runChild(Suite.java:27)
	at org.junit.runners.ParentRunner$3.run(ParentRunner.java:290)
	at org.junit.runners.ParentRunner$1.schedule(ParentRunner.java:71)
	at org.junit.runners.ParentRunner.runChildren(ParentRunner.java:288)
	at org.junit.runners.ParentRunner.access$000(ParentRunner.java:58)
	at org.junit.runners.ParentRunner$2.evaluate(ParentRunner.java:268)
	at org.junit.runners.ParentRunner.run(ParentRunner.java:363)
	at org.apache.maven.surefire.junit4.JUnit4Provider.execute(JUnit4Provider.java:365)
	at org.apache.maven.surefire.junit4.JUnit4Provider.executeWithRerun(JUnit4Provider.java:272)
	at org.apache.maven.surefire.junit4.JUnit4Provider.executeTestSet(JUnit4Provider.java:236)
	at org.apache.maven.surefire.junit4.JUnit4Provider.invoke(JUnit4Provider.java:159)
	at org.apache.maven.surefire.booter.ForkedBooter.invokeProviderInSameClassLoader(ForkedBooter.java:386)
	at org.apache.maven.surefire.booter.ForkedBooter.runSuitesInProcess(ForkedBooter.java:323)
	at org.apache.maven.surefire.booter.ForkedBooter.main(ForkedBooter.java:143)
">
	at uk.ac.bris.cs.scotlandyard.model.ModelCreationTest.testGetPlayersIsImmutable(ModelCreationTest.java:217)

testGetPlayersMatchesSupplied[ScotlandYardModel](uk.ac.bris.cs.scotlandyard.model.ModelCreationTest)  Time elapsed: 0.002 s  <<< ERROR!
java.lang.RuntimeException: Implement me
	at uk.ac.bris.cs.scotlandyard.model.ModelCreationTest.testGetPlayersMatchesSupplied(ModelCreationTest.java:211)

testGetPlayerIsMrXInitially[ScotlandYardModel](uk.ac.bris.cs.scotlandyard.model.ModelCreationTest)  Time elapsed: 0.001 s  <<< ERROR!
java.lang.RuntimeException: Implement me
	at uk.ac.bris.cs.scotlandyard.model.ModelCreationTest.testGetPlayerIsMrXInitially(ModelCreationTest.java:243)

testWinningPlayerIsImmutable[ScotlandYardModel](uk.ac.bris.cs.scotlandyard.model.ModelCreationTest)  Time elapsed: 0.005 s  <<< FAILURE!
java.lang.AssertionError: 

Expecting:
  <java.lang.RuntimeException: Implement me>
to be an instance of:
  <java.lang.UnsupportedOperationException>
but was:
  <"java.lang.RuntimeException: Implement me
	at uk.ac.bris.cs.scotlandyard.model.ScotlandYardModel.getWinningPlayers(ScotlandYardModel.java:150)
	at uk.ac.bris.cs.scotlandyard.model.ModelCreationTest.lambda$testWinningPlayerIsImmutable$20(ModelCreationTest.java:232)
	at org.assertj.core.api.ThrowableAssert.catchThrowable(ThrowableAssert.java:62)
	at org.assertj.core.api.AssertionsForClassTypes.catchThrowable(AssertionsForClassTypes.java:779)
	at org.assertj.core.api.Assertions.catchThrowable(Assertions.java:1198)
	at org.assertj.core.api.Assertions.assertThatThrownBy(Assertions.java:1092)
	at uk.ac.bris.cs.scotlandyard.model.ModelCreationTest.testWinningPlayerIsImmutable(ModelCreationTest.java:232)
	at sun.reflect.NativeMethodAccessorImpl.invoke0(Native Method)
	at sun.reflect.NativeMethodAccessorImpl.invoke(NativeMethodAccessorImpl.java:62)
	at sun.reflect.DelegatingMethodAccessorImpl.invoke(DelegatingMethodAccessorImpl.java:43)
	at java.lang.reflect.Method.invoke(Method.java:498)
	at org.junit.runners.model.FrameworkMethod$1.runReflectiveCall(FrameworkMethod.java:50)
	at org.junit.internal.runners.model.ReflectiveCallable.run(ReflectiveCallable.java:12)
	at org.junit.runners.model.FrameworkMethod.invokeExplosively(FrameworkMethod.java:47)
	at org.junit.internal.runners.statements.InvokeMethod.evaluate(InvokeMethod.java:17)
	at org.junit.internal.runners.statements.RunBefores.evaluate(RunBefores.java:26)
	at org.junit.internal.runners.statements.RunAfters.evaluate(RunAfters.java:27)
	at org.junit.runners.ParentRunner.runLeaf(ParentRunner.java:325)
	at org.junit.runners.BlockJUnit4ClassRunner.runChild(BlockJUnit4ClassRunner.java:78)
	at org.junit.runners.BlockJUnit4ClassRunner.runChild(BlockJUnit4ClassRunner.java:57)
	at org.junit.runners.ParentRunner$3.run(ParentRunner.java:290)
	at org.junit.runners.ParentRunner$1.schedule(ParentRunner.java:71)
	at org.junit.runners.ParentRunner.runChildren(ParentRunner.java:288)
	at org.junit.runners.ParentRunner.access$000(ParentRunner.java:58)
	at org.junit.runners.ParentRunner$2.evaluate(ParentRunner.java:268)
	at org.junit.runners.ParentRunner.run(ParentRunner.java:363)
	at org.junit.runners.Suite.runChild(Suite.java:128)
	at org.junit.runners.Suite.runChild(Suite.java:27)
	at org.junit.runners.ParentRunner$3.run(ParentRunner.java:290)
	at org.junit.runners.ParentRunner$1.schedule(ParentRunner.java:71)
	at org.junit.runners.ParentRunner.runChildren(ParentRunner.java:288)
	at org.junit.runners.ParentRunner.access$000(ParentRunner.java:58)
	at org.junit.runners.ParentRunner$2.evaluate(ParentRunner.java:268)
	at org.junit.internal.runners.statements.RunBefores.evaluate(RunBefores.java:26)
	at org.junit.runners.ParentRunner.run(ParentRunner.java:363)
	at org.junit.runners.Suite.runChild(Suite.java:128)
	at org.junit.runners.Suite.runChild(Suite.java:27)
	at org.junit.runners.ParentRunner$3.run(ParentRunner.java:290)
	at org.junit.runners.ParentRunner$1.schedule(ParentRunner.java:71)
	at org.junit.runners.ParentRunner.runChildren(ParentRunner.java:288)
	at org.junit.runners.ParentRunner.access$000(ParentRunner.java:58)
	at org.junit.runners.ParentRunner$2.evaluate(ParentRunner.java:268)
	at org.junit.runners.ParentRunner.run(ParentRunner.java:363)
	at org.apache.maven.surefire.junit4.JUnit4Provider.execute(JUnit4Provider.java:365)
	at org.apache.maven.surefire.junit4.JUnit4Provider.executeWithRerun(JUnit4Provider.java:272)
	at org.apache.maven.surefire.junit4.JUnit4Provider.executeTestSet(JUnit4Provider.java:236)
	at org.apache.maven.surefire.junit4.JUnit4Provider.invoke(JUnit4Provider.java:159)
	at org.apache.maven.surefire.booter.ForkedBooter.invokeProviderInSameClassLoader(ForkedBooter.java:386)
	at org.apache.maven.surefire.booter.ForkedBooter.runSuitesInProcess(ForkedBooter.java:323)
	at org.apache.maven.surefire.booter.ForkedBooter.main(ForkedBooter.java:143)
">
	at uk.ac.bris.cs.scotlandyard.model.ModelCreationTest.testWinningPlayerIsImmutable(ModelCreationTest.java:233)

testGetPlayerTicketsForNonExistentPlayerIsEmpty[ScotlandYardModel](uk.ac.bris.cs.scotlandyard.model.ModelCreationTest)  Time elapsed: 0.001 s  <<< ERROR!
java.lang.RuntimeException: Implement me
	at uk.ac.bris.cs.scotlandyard.model.ModelCreationTest.testGetPlayerTicketsForNonExistentPlayerIsEmpty(ModelCreationTest.java:303)

testGameIsNotOverInitially[ScotlandYardModel](uk.ac.bris.cs.scotlandyard.model.ModelCreationTest)  Time elapsed: 0.001 s  <<< ERROR!
java.lang.RuntimeException: Implement me
	at uk.ac.bris.cs.scotlandyard.model.ModelCreationTest.testGameIsNotOverInitially(ModelCreationTest.java:222)

testGetRoundsMatchesSupplied[ScotlandYardModel](uk.ac.bris.cs.scotlandyard.model.ModelCreationTest)  Time elapsed: 0 s  <<< ERROR!
java.lang.RuntimeException: Implement me
	at uk.ac.bris.cs.scotlandyard.model.ModelCreationTest.testGetRoundsMatchesSupplied(ModelCreationTest.java:183)

testGetPlayerLocationForNonExistentPlayerIsEmpty[ScotlandYardModel](uk.ac.bris.cs.scotlandyard.model.ModelCreationTest)  Time elapsed: 0.002 s  <<< ERROR!
java.lang.RuntimeException: Implement me
	at uk.ac.bris.cs.scotlandyard.model.ModelCreationTest.testGetPlayerLocationForNonExistentPlayerIsEmpty(ModelCreationTest.java:276)

testGetGraphIsImmutable[ScotlandYardModel](uk.ac.bris.cs.scotlandyard.model.ModelCreationTest)  Time elapsed: 0.012 s  <<< FAILURE!
java.lang.AssertionError: 

Expecting:
  <java.lang.RuntimeException: Implement me>
to be an instance of:
  <java.lang.UnsupportedOperationException>
but was:
  <"java.lang.RuntimeException: Implement me
	at uk.ac.bris.cs.scotlandyard.model.ScotlandYardModel.getGraph(ScotlandYardModel.java:192)
	at uk.ac.bris.cs.scotlandyard.model.ModelCreationTest.lambda$testGetGraphIsImmutable$18(ModelCreationTest.java:203)
	at org.assertj.core.api.ThrowableAssert.catchThrowable(ThrowableAssert.java:62)
	at org.assertj.core.api.AssertionsForClassTypes.catchThrowable(AssertionsForClassTypes.java:779)
	at org.assertj.core.api.Assertions.catchThrowable(Assertions.java:1198)
	at org.assertj.core.api.Assertions.assertThatThrownBy(Assertions.java:1092)
	at uk.ac.bris.cs.scotlandyard.model.ModelCreationTest.testGetGraphIsImmutable(ModelCreationTest.java:203)
	at sun.reflect.NativeMethodAccessorImpl.invoke0(Native Method)
	at sun.reflect.NativeMethodAccessorImpl.invoke(NativeMethodAccessorImpl.java:62)
	at sun.reflect.DelegatingMethodAccessorImpl.invoke(DelegatingMethodAccessorImpl.java:43)
	at java.lang.reflect.Method.invoke(Method.java:498)
	at org.junit.runners.model.FrameworkMethod$1.runReflectiveCall(FrameworkMethod.java:50)
	at org.junit.internal.runners.model.ReflectiveCallable.run(ReflectiveCallable.java:12)
	at org.junit.runners.model.FrameworkMethod.invokeExplosively(FrameworkMethod.java:47)
	at org.junit.internal.runners.statements.InvokeMethod.evaluate(InvokeMethod.java:17)
	at org.junit.internal.runners.statements.RunBefores.evaluate(RunBefores.java:26)
	at org.junit.internal.runners.statements.RunAfters.evaluate(RunAfters.java:27)
	at org.junit.runners.ParentRunner.runLeaf(ParentRunner.java:325)
	at org.junit.runners.BlockJUnit4ClassRunner.runChild(BlockJUnit4ClassRunner.java:78)
	at org.junit.runners.BlockJUnit4ClassRunner.runChild(BlockJUnit4ClassRunner.java:57)
	at org.junit.runners.ParentRunner$3.run(ParentRunner.java:290)
	at org.junit.runners.ParentRunner$1.schedule(ParentRunner.java:71)
	at org.junit.runners.ParentRunner.runChildren(ParentRunner.java:288)
	at org.junit.runners.ParentRunner.access$000(ParentRunner.java:58)
	at org.junit.runners.ParentRunner$2.evaluate(ParentRunner.java:268)
	at org.junit.runners.ParentRunner.run(ParentRunner.java:363)
	at org.junit.runners.Suite.runChild(Suite.java:128)
	at org.junit.runners.Suite.runChild(Suite.java:27)
	at org.junit.runners.ParentRunner$3.run(ParentRunner.java:290)
	at org.junit.runners.ParentRunner$1.schedule(ParentRunner.java:71)
	at org.junit.runners.ParentRunner.runChildren(ParentRunner.java:288)
	at org.junit.runners.ParentRunner.access$000(ParentRunner.java:58)
	at org.junit.runners.ParentRunner$2.evaluate(ParentRunner.java:268)
	at org.junit.internal.runners.statements.RunBefores.evaluate(RunBefores.java:26)
	at org.junit.runners.ParentRunner.run(ParentRunner.java:363)
	at org.junit.runners.Suite.runChild(Suite.java:128)
	at org.junit.runners.Suite.runChild(Suite.java:27)
	at org.junit.runners.ParentRunner$3.run(ParentRunner.java:290)
	at org.junit.runners.ParentRunner$1.schedule(ParentRunner.java:71)
	at org.junit.runners.ParentRunner.runChildren(ParentRunner.java:288)
	at org.junit.runners.ParentRunner.access$000(ParentRunner.java:58)
	at org.junit.runners.ParentRunner$2.evaluate(ParentRunner.java:268)
	at org.junit.runners.ParentRunner.run(ParentRunner.java:363)
	at org.apache.maven.surefire.junit4.JUnit4Provider.execute(JUnit4Provider.java:365)
	at org.apache.maven.surefire.junit4.JUnit4Provider.executeWithRerun(JUnit4Provider.java:272)
	at org.apache.maven.surefire.junit4.JUnit4Provider.executeTestSet(JUnit4Provider.java:236)
	at org.apache.maven.surefire.junit4.JUnit4Provider.invoke(JUnit4Provider.java:159)
	at org.apache.maven.surefire.booter.ForkedBooter.invokeProviderInSameClassLoader(ForkedBooter.java:386)
	at org.apache.maven.surefire.booter.ForkedBooter.runSuitesInProcess(ForkedBooter.java:323)
	at org.apache.maven.surefire.booter.ForkedBooter.main(ForkedBooter.java:143)
">
	at uk.ac.bris.cs.scotlandyard.model.ModelCreationTest.testGetGraphIsImmutable(ModelCreationTest.java:204)

testGetRoundIsNOT_STARTEDInitially[ScotlandYardModel](uk.ac.bris.cs.scotlandyard.model.ModelCreationTest)  Time elapsed: 0.002 s  <<< ERROR!
java.lang.RuntimeException: Implement me
	at uk.ac.bris.cs.scotlandyard.model.ModelCreationTest.testGetRoundIsNOT_STARTEDInitially(ModelCreationTest.java:238)

testGetPlayersStartsWithBlack[ScotlandYardModel](uk.ac.bris.cs.scotlandyard.model.ModelCreationTest)  Time elapsed: 0.001 s  <<< ERROR!
java.lang.RuntimeException: Implement me
	at uk.ac.bris.cs.scotlandyard.model.ModelCreationTest.testGetPlayersStartsWithBlack(ModelCreationTest.java:250)

testGetDetectiveLocationMatchesSupplied[ScotlandYardModel](uk.ac.bris.cs.scotlandyard.model.ModelCreationTest)  Time elapsed: 0.001 s  <<< ERROR!
java.lang.RuntimeException: Implement me
	at uk.ac.bris.cs.scotlandyard.model.ModelCreationTest.testGetDetectiveLocationMatchesSupplied(ModelCreationTest.java:258)

testGetPlayerLocationConcealsMrXLocationInitially[ScotlandYardModel](uk.ac.bris.cs.scotlandyard.model.ModelCreationTest)  Time elapsed: 0.001 s  <<< ERROR!
java.lang.RuntimeException: Implement me
	at uk.ac.bris.cs.scotlandyard.model.ModelCreationTest.testGetPlayerLocationConcealsMrXLocationInitially(ModelCreationTest.java:269)

testGetRoundsIsImmutable[ScotlandYardModel](uk.ac.bris.cs.scotlandyard.model.ModelCreationTest)  Time elapsed: 0.005 s  <<< FAILURE!
java.lang.AssertionError: 

Expecting:
  <java.lang.RuntimeException: Implement me>
to be an instance of:
  <java.lang.UnsupportedOperationException>
but was:
  <"java.lang.RuntimeException: Implement me
	at uk.ac.bris.cs.scotlandyard.model.ScotlandYardModel.getRounds(ScotlandYardModel.java:186)
	at uk.ac.bris.cs.scotlandyard.model.ModelCreationTest.lambda$testGetRoundsIsImmutable$17(ModelCreationTest.java:190)
	at org.assertj.core.api.ThrowableAssert.catchThrowable(ThrowableAssert.java:62)
	at org.assertj.core.api.AssertionsForClassTypes.catchThrowable(AssertionsForClassTypes.java:779)
	at org.assertj.core.api.Assertions.catchThrowable(Assertions.java:1198)
	at org.assertj.core.api.Assertions.assertThatThrownBy(Assertions.java:1092)
	at uk.ac.bris.cs.scotlandyard.model.ModelCreationTest.testGetRoundsIsImmutable(ModelCreationTest.java:190)
	at sun.reflect.NativeMethodAccessorImpl.invoke0(Native Method)
	at sun.reflect.NativeMethodAccessorImpl.invoke(NativeMethodAccessorImpl.java:62)
	at sun.reflect.DelegatingMethodAccessorImpl.invoke(DelegatingMethodAccessorImpl.java:43)
	at java.lang.reflect.Method.invoke(Method.java:498)
	at org.junit.runners.model.FrameworkMethod$1.runReflectiveCall(FrameworkMethod.java:50)
	at org.junit.internal.runners.model.ReflectiveCallable.run(ReflectiveCallable.java:12)
	at org.junit.runners.model.FrameworkMethod.invokeExplosively(FrameworkMethod.java:47)
	at org.junit.internal.runners.statements.InvokeMethod.evaluate(InvokeMethod.java:17)
	at org.junit.internal.runners.statements.RunBefores.evaluate(RunBefores.java:26)
	at org.junit.internal.runners.statements.RunAfters.evaluate(RunAfters.java:27)
	at org.junit.runners.ParentRunner.runLeaf(ParentRunner.java:325)
	at org.junit.runners.BlockJUnit4ClassRunner.runChild(BlockJUnit4ClassRunner.java:78)
	at org.junit.runners.BlockJUnit4ClassRunner.runChild(BlockJUnit4ClassRunner.java:57)
	at org.junit.runners.ParentRunner$3.run(ParentRunner.java:290)
	at org.junit.runners.ParentRunner$1.schedule(ParentRunner.java:71)
	at org.junit.runners.ParentRunner.runChildren(ParentRunner.java:288)
	at org.junit.runners.ParentRunner.access$000(ParentRunner.java:58)
	at org.junit.runners.ParentRunner$2.evaluate(ParentRunner.java:268)
	at org.junit.runners.ParentRunner.run(ParentRunner.java:363)
	at org.junit.runners.Suite.runChild(Suite.java:128)
	at org.junit.runners.Suite.runChild(Suite.java:27)
	at org.junit.runners.ParentRunner$3.run(ParentRunner.java:290)
	at org.junit.runners.ParentRunner$1.schedule(ParentRunner.java:71)
	at org.junit.runners.ParentRunner.runChildren(ParentRunner.java:288)
	at org.junit.runners.ParentRunner.access$000(ParentRunner.java:58)
	at org.junit.runners.ParentRunner$2.evaluate(ParentRunner.java:268)
	at org.junit.internal.runners.statements.RunBefores.evaluate(RunBefores.java:26)
	at org.junit.runners.ParentRunner.run(ParentRunner.java:363)
	at org.junit.runners.Suite.runChild(Suite.java:128)
	at org.junit.runners.Suite.runChild(Suite.java:27)
	at org.junit.runners.ParentRunner$3.run(ParentRunner.java:290)
	at org.junit.runners.ParentRunner$1.schedule(ParentRunner.java:71)
	at org.junit.runners.ParentRunner.runChildren(ParentRunner.java:288)
	at org.junit.runners.ParentRunner.access$000(ParentRunner.java:58)
	at org.junit.runners.ParentRunner$2.evaluate(ParentRunner.java:268)
	at org.junit.runners.ParentRunner.run(ParentRunner.java:363)
	at org.apache.maven.surefire.junit4.JUnit4Provider.execute(JUnit4Provider.java:365)
	at org.apache.maven.surefire.junit4.JUnit4Provider.executeWithRerun(JUnit4Provider.java:272)
	at org.apache.maven.surefire.junit4.JUnit4Provider.executeTestSet(JUnit4Provider.java:236)
	at org.apache.maven.surefire.junit4.JUnit4Provider.invoke(JUnit4Provider.java:159)
	at org.apache.maven.surefire.booter.ForkedBooter.invokeProviderInSameClassLoader(ForkedBooter.java:386)
	at org.apache.maven.surefire.booter.ForkedBooter.runSuitesInProcess(ForkedBooter.java:323)
	at org.apache.maven.surefire.booter.ForkedBooter.main(ForkedBooter.java:143)
">
	at uk.ac.bris.cs.scotlandyard.model.ModelCreationTest.testGetRoundsIsImmutable(ModelCreationTest.java:190)

testGameOverIfMrXCaptured[ScotlandYardModel](uk.ac.bris.cs.scotlandyard.model.ModelGameOverTest)  Time elapsed: 0.024 s  <<< ERROR!
java.lang.RuntimeException: Implement me
	at uk.ac.bris.cs.scotlandyard.model.ModelGameOverTest.testGameOverIfMrXCaptured(ModelGameOverTest.java:141)

testGameOverBeforeAnyRoundWithTerminatingConfiguration[ScotlandYardModel](uk.ac.bris.cs.scotlandyard.model.ModelGameOverTest)  Time elapsed: 0.008 s  <<< ERROR!
java.lang.RuntimeException: Implement me
	at uk.ac.bris.cs.scotlandyard.model.ModelGameOverTest.testGameOverBeforeAnyRoundWithTerminatingConfiguration(ModelGameOverTest.java:200)

testGameOverAfterAllRoundsUsed[ScotlandYardModel](uk.ac.bris.cs.scotlandyard.model.ModelGameOverTest)  Time elapsed: 0.002 s  <<< ERROR!
java.lang.RuntimeException: Implement me
	at uk.ac.bris.cs.scotlandyard.model.ModelGameOverTest.testGameOverAfterAllRoundsUsed(ModelGameOverTest.java:73)

testStartRoundShouldThrowIfGameAlreadyOver[ScotlandYardModel](uk.ac.bris.cs.scotlandyard.model.ModelGameOverTest)  Time elapsed: 0.001 s  <<< ERROR!
java.lang.RuntimeException: Implement me
	at uk.ac.bris.cs.scotlandyard.model.ModelGameOverTest.testStartRoundShouldThrowIfGameAlreadyOver(ModelGameOverTest.java:38)

testGameOverIfMrXStuck[ScotlandYardModel](uk.ac.bris.cs.scotlandyard.model.ModelGameOverTest)  Time elapsed: 0.001 s  <<< ERROR!
java.lang.RuntimeException: Implement me
	at uk.ac.bris.cs.scotlandyard.model.ModelGameOverTest.testGameOverIfMrXStuck(ModelGameOverTest.java:109)

testGameOverIfAllDetectivesStuck[ScotlandYardModel](uk.ac.bris.cs.scotlandyard.model.ModelGameOverTest)  Time elapsed: 0.001 s  <<< ERROR!
java.lang.RuntimeException: Implement me
	at uk.ac.bris.cs.scotlandyard.model.ModelGameOverTest.testGameOverIfAllDetectivesStuck(ModelGameOverTest.java:91)

testGameNotOverIfMrXCorneredButCanStillEscape[ScotlandYardModel](uk.ac.bris.cs.scotlandyard.model.ModelGameOverTest)  Time elapsed: 0.002 s  <<< ERROR!
java.lang.RuntimeException: Implement me
	at uk.ac.bris.cs.scotlandyard.model.ModelGameOverTest.testGameNotOverIfMrXCorneredButCanStillEscape(ModelGameOverTest.java:182)

testGameNotOverWhenThereIsStillRoundsLeft[ScotlandYardModel](uk.ac.bris.cs.scotlandyard.model.ModelGameOverTest)  Time elapsed: 0.001 s  <<< ERROR!
java.lang.RuntimeException: Implement me
	at uk.ac.bris.cs.scotlandyard.model.ModelGameOverTest.testGameNotOverWhenThereIsStillRoundsLeft(ModelGameOverTest.java:60)

testWinningPlayerIsEmptyBeforeGameOver[ScotlandYardModel](uk.ac.bris.cs.scotlandyard.model.ModelGameOverTest)  Time elapsed: 0.001 s  <<< ERROR!
java.lang.RuntimeException: Implement me
	at uk.ac.bris.cs.scotlandyard.model.ModelGameOverTest.testWinningPlayerIsEmptyBeforeGameOver(ModelGameOverTest.java:214)

testGameNotOverBeforeAnyRoundWithNonTerminatingConfiguration[ScotlandYardModel](uk.ac.bris.cs.scotlandyard.model.ModelGameOverTest)  Time elapsed: 0.001 s  <<< ERROR!
java.lang.RuntimeException: Implement me
	at uk.ac.bris.cs.scotlandyard.model.ModelGameOverTest.testGameNotOverBeforeAnyRoundWithNonTerminatingConfiguration(ModelGameOverTest.java:190)

testDetectiveWinsIfMrXCornered[ScotlandYardModel](uk.ac.bris.cs.scotlandyard.model.ModelGameOverTest)  Time elapsed: 0.001 s  <<< ERROR!
java.lang.RuntimeException: Implement me
	at uk.ac.bris.cs.scotlandyard.model.ModelGameOverTest.testDetectiveWinsIfMrXCornered(ModelGameOverTest.java:161)

testGameNotOverIfMrXWasFreedBeforeNextRotation[ScotlandYardModel](uk.ac.bris.cs.scotlandyard.model.ModelGameOverTest)  Time elapsed: 0.001 s  <<< ERROR!
java.lang.RuntimeException: Implement me
	at uk.ac.bris.cs.scotlandyard.model.ModelGameOverTest.testGameNotOverIfMrXWasFreedBeforeNextRotation(ModelGameOverTest.java:128)

testGameWhereMrXWasNeverCaught[ScotlandYardModel](uk.ac.bris.cs.scotlandyard.model.ModelSixPlayerPlayOutTestComplex)  Time elapsed: 0.029 s  <<< ERROR!
java.lang.RuntimeException: Implement me
	at uk.ac.bris.cs.scotlandyard.model.ModelSixPlayerPlayOutTestComplex.testGameWhereMrXWasNeverCaught(ModelSixPlayerPlayOutTestComplex.java:2707)

testGameWhereMrXPickedConsecutiveDoubleMoves[ScotlandYardModel](uk.ac.bris.cs.scotlandyard.model.ModelSixPlayerPlayOutTestComplex)  Time elapsed: 0.001 s  <<< ERROR!
java.lang.RuntimeException: Implement me
	at uk.ac.bris.cs.scotlandyard.model.ModelSixPlayerPlayOutTestComplex.testGameWhereMrXPickedConsecutiveDoubleMoves(ModelSixPlayerPlayOutTestComplex.java:82)

testGameWhereSomeoneRanOutOfTickets[ScotlandYardModel](uk.ac.bris.cs.scotlandyard.model.ModelSixPlayerPlayOutTestComplex)  Time elapsed: 0.001 s  <<< ERROR!
java.lang.RuntimeException: Implement me
	at uk.ac.bris.cs.scotlandyard.model.ModelSixPlayerPlayOutTestComplex.testGameWhereSomeoneRanOutOfTickets(ModelSixPlayerPlayOutTestComplex.java:1676)

testGameWhereMrXPickedConsecutiveDoubleMovesAtTimes[ScotlandYardModel](uk.ac.bris.cs.scotlandyard.model.ModelSixPlayerPlayOutTestComplex)  Time elapsed: 0.001 s  <<< ERROR!
java.lang.RuntimeException: Implement me
	at uk.ac.bris.cs.scotlandyard.model.ModelSixPlayerPlayOutTestComplex.testGameWhereMrXPickedConsecutiveDoubleMovesAtTimes(ModelSixPlayerPlayOutTestComplex.java:673)

testGameWhereMrXNeverPickedADoubleMove[ScotlandYardModel](uk.ac.bris.cs.scotlandyard.model.ModelSixPlayerPlayOutTestSimple)  Time elapsed: 0.001 s  <<< ERROR!
java.lang.RuntimeException: Implement me
	at uk.ac.bris.cs.scotlandyard.model.ModelSixPlayerPlayOutTestSimple.testGameWhereMrXNeverPickedADoubleMove(ModelSixPlayerPlayOutTestSimple.java:639)

testGameWhereMrXCapturedAtLastMoveBeforeNextRound[ScotlandYardModel](uk.ac.bris.cs.scotlandyard.model.ModelSixPlayerPlayOutTestSimple)  Time elapsed: 0.001 s  <<< ERROR!
java.lang.RuntimeException: Implement me
	at uk.ac.bris.cs.scotlandyard.model.ModelSixPlayerPlayOutTestSimple.testGameWhereMrXCapturedAtLastMoveBeforeNextRound(ModelSixPlayerPlayOutTestSimple.java:79)

testGameWhereSomePlayersAreNeverInvolved[ScotlandYardModel](uk.ac.bris.cs.scotlandyard.model.ModelSixPlayerPlayOutTestSimple)  Time elapsed: 0.001 s  <<< ERROR!
java.lang.RuntimeException: Implement me
	at uk.ac.bris.cs.scotlandyard.model.ModelSixPlayerPlayOutTestSimple.testGameWhereSomePlayersAreNeverInvolved(ModelSixPlayerPlayOutTestSimple.java:408)

testGameWhereMrXNeverPickedADoubleMove[ScotlandYardModel](uk.ac.bris.cs.scotlandyard.model.ModelTwoPlayerPlayOutTestSimple)  Time elapsed: 0 s  <<< ERROR!
java.lang.RuntimeException: Implement me
	at uk.ac.bris.cs.scotlandyard.model.ModelTwoPlayerPlayOutTestSimple.testGameWhereMrXNeverPickedADoubleMove(ModelTwoPlayerPlayOutTestSimple.java:63)

testGetCurrentPlayerCorrectForAllRounds[ScotlandYardModel](uk.ac.bris.cs.scotlandyard.model.ModelRoundTest)  Time elapsed: 0.001 s  <<< ERROR!
java.lang.RuntimeException: Implement me
	at uk.ac.bris.cs.scotlandyard.model.ModelRoundTest.testGetCurrentPlayerCorrectForAllRounds(ModelRoundTest.java:95)

testCallbackPositionMatchPlayerLocationDuringRevealRound[ScotlandYardModel](uk.ac.bris.cs.scotlandyard.model.ModelRoundTest)  Time elapsed: 0.002 s  <<< ERROR!
java.lang.RuntimeException: Implement me
	at uk.ac.bris.cs.scotlandyard.model.ModelRoundTest.testCallbackPositionMatchPlayerLocationDuringRevealRound(ModelRoundTest.java:73)

testCallbackPositionMatchPlayerLocationDuringHiddenRound[ScotlandYardModel](uk.ac.bris.cs.scotlandyard.model.ModelRoundTest)  Time elapsed: 0.001 s  <<< ERROR!
java.lang.RuntimeException: Implement me
	at uk.ac.bris.cs.scotlandyard.model.ModelRoundTest.testCallbackPositionMatchPlayerLocationDuringHiddenRound(ModelRoundTest.java:86)

testRoundIncrementsAfterAllPlayersHavePlayed[ScotlandYardModel](uk.ac.bris.cs.scotlandyard.model.ModelRoundTest)  Time elapsed: 0.002 s  <<< ERROR!
java.lang.RuntimeException: Implement me
	at uk.ac.bris.cs.scotlandyard.model.ModelRoundTest.testRoundIncrementsAfterAllPlayersHavePlayed(ModelRoundTest.java:130)

testRoundRotationNotifiesAllPlayer[ScotlandYardModel](uk.ac.bris.cs.scotlandyard.model.ModelRoundTest)  Time elapsed: 0.001 s  <<< ERROR!
java.lang.RuntimeException: Implement me
	at uk.ac.bris.cs.scotlandyard.model.ModelRoundTest.testRoundRotationNotifiesAllPlayer(ModelRoundTest.java:187)

testCallbackIsNotNull[ScotlandYardModel](uk.ac.bris.cs.scotlandyard.model.ModelRoundTest)  Time elapsed: 0.002 s  <<< ERROR!
java.lang.RuntimeException: Implement me
	at uk.ac.bris.cs.scotlandyard.model.ModelRoundTest.testCallbackIsNotNull(ModelRoundTest.java:48)

testRoundIncrementsCorrectlyForDoubleMove[ScotlandYardModel](uk.ac.bris.cs.scotlandyard.model.ModelRoundTest)  Time elapsed: 0 s  <<< ERROR!
java.lang.RuntimeException: Implement me
	at uk.ac.bris.cs.scotlandyard.model.ModelRoundTest.testRoundIncrementsCorrectlyForDoubleMove(ModelRoundTest.java:139)

testPlayerNotified[ScotlandYardModel](uk.ac.bris.cs.scotlandyard.model.ModelRoundTest)  Time elapsed: 0.001 s  <<< ERROR!
java.lang.RuntimeException: Implement me
	at uk.ac.bris.cs.scotlandyard.model.ModelRoundTest.testPlayerNotified(ModelRoundTest.java:40)

testCallbackWithNullWillThrow[ScotlandYardModel](uk.ac.bris.cs.scotlandyard.model.ModelRoundTest)  Time elapsed: 0.008 s  <<< FAILURE!
java.lang.AssertionError: 
Error at ModelRoundTest.testCallbackWithNullWillThrow(ModelRoundTest.java:198):

Wrong exception thrown: NullPointerException expected but found:
java.lang.RuntimeException: Implement me
java.lang.RuntimeException: Implement me
	at uk.ac.bris.cs.scotlandyard.model.ScotlandYardModel.startRotate(ScotlandYardModel.java:132)
	at uk.ac.bris.cs.scotlandyard.harness.TestHarness$TestAssert.lambda$runInteractions$1(TestHarness.java:230)
	at uk.ac.bris.cs.scotlandyard.harness.TestHarness$TestAssert.runInteractions(TestHarness.java:243)
	at uk.ac.bris.cs.scotlandyard.harness.TestHarness$TestAssert.runInteractions(TestHarness.java:232)
	at uk.ac.bris.cs.scotlandyard.harness.TestHarness$TestAssert.shouldThrow(TestHarness.java:203)
	at uk.ac.bris.cs.scotlandyard.model.ModelRoundTest.testCallbackWithNullWillThrow(ModelRoundTest.java:198)
	at sun.reflect.NativeMethodAccessorImpl.invoke0(Native Method)
	at sun.reflect.NativeMethodAccessorImpl.invoke(NativeMethodAccessorImpl.java:62)
	at sun.reflect.DelegatingMethodAccessorImpl.invoke(DelegatingMethodAccessorImpl.java:43)
	at java.lang.reflect.Method.invoke(Method.java:498)
	at org.junit.runners.model.FrameworkMethod$1.runReflectiveCall(FrameworkMethod.java:50)
	at org.junit.internal.runners.model.ReflectiveCallable.run(ReflectiveCallable.java:12)
	at org.junit.runners.model.FrameworkMethod.invokeExplosively(FrameworkMethod.java:47)
	at org.junit.internal.runners.statements.InvokeMethod.evaluate(InvokeMethod.java:17)
	at org.junit.internal.runners.statements.RunBefores.evaluate(RunBefores.java:26)
	at org.junit.internal.runners.statements.RunAfters.evaluate(RunAfters.java:27)
	at org.junit.runners.ParentRunner.runLeaf(ParentRunner.java:325)
	at org.junit.runners.BlockJUnit4ClassRunner.runChild(BlockJUnit4ClassRunner.java:78)
	at org.junit.runners.BlockJUnit4ClassRunner.runChild(BlockJUnit4ClassRunner.java:57)
	at org.junit.runners.ParentRunner$3.run(ParentRunner.java:290)
	at org.junit.runners.ParentRunner$1.schedule(ParentRunner.java:71)
	at org.junit.runners.ParentRunner.runChildren(ParentRunner.java:288)
	at org.junit.runners.ParentRunner.access$000(ParentRunner.java:58)
	at org.junit.runners.ParentRunner$2.evaluate(ParentRunner.java:268)
	at org.junit.runners.ParentRunner.run(ParentRunner.java:363)
	at org.junit.runners.Suite.runChild(Suite.java:128)
	at org.junit.runners.Suite.runChild(Suite.java:27)
	at org.junit.runners.ParentRunner$3.run(ParentRunner.java:290)
	at org.junit.runners.ParentRunner$1.schedule(ParentRunner.java:71)
	at org.junit.runners.ParentRunner.runChildren(ParentRunner.java:288)
	at org.junit.runners.ParentRunner.access$000(ParentRunner.java:58)
	at org.junit.runners.ParentRunner$2.evaluate(ParentRunner.java:268)
	at org.junit.internal.runners.statements.RunBefores.evaluate(RunBefores.java:26)
	at org.junit.runners.ParentRunner.run(ParentRunner.java:363)
	at org.junit.runners.Suite.runChild(Suite.java:128)
	at org.junit.runners.Suite.runChild(Suite.java:27)
	at org.junit.runners.ParentRunner$3.run(ParentRunner.java:290)
	at org.junit.runners.ParentRunner$1.schedule(ParentRunner.java:71)
	at org.junit.runners.ParentRunner.runChildren(ParentRunner.java:288)
	at org.junit.runners.ParentRunner.access$000(ParentRunner.java:58)
	at org.junit.runners.ParentRunner$2.evaluate(ParentRunner.java:268)
	at org.junit.runners.ParentRunner.run(ParentRunner.java:363)
	at org.apache.maven.surefire.junit4.JUnit4Provider.execute(JUnit4Provider.java:365)
	at org.apache.maven.surefire.junit4.JUnit4Provider.executeWithRerun(JUnit4Provider.java:272)
	at org.apache.maven.surefire.junit4.JUnit4Provider.executeTestSet(JUnit4Provider.java:236)
	at org.apache.maven.surefire.junit4.JUnit4Provider.invoke(JUnit4Provider.java:159)
	at org.apache.maven.surefire.booter.ForkedBooter.invokeProviderInSameClassLoader(ForkedBooter.java:386)
	at org.apache.maven.surefire.booter.ForkedBooter.runSuitesInProcess(ForkedBooter.java:323)
	at org.apache.maven.surefire.booter.ForkedBooter.main(ForkedBooter.java:143)

	at uk.ac.bris.cs.scotlandyard.model.ModelRoundTest.testCallbackWithNullWillThrow(ModelRoundTest.java:198)

testRoundWaitsForPlayerWhoDoesNotRespond[ScotlandYardModel](uk.ac.bris.cs.scotlandyard.model.ModelRoundTest)  Time elapsed: 0 s  <<< ERROR!
java.lang.RuntimeException: Implement me
	at uk.ac.bris.cs.scotlandyard.model.ModelRoundTest.testRoundWaitsForPlayerWhoDoesNotRespond(ModelRoundTest.java:171)

testInitialPositionMatchFirstRound[ScotlandYardModel](uk.ac.bris.cs.scotlandyard.model.ModelRoundTest)  Time elapsed: 0.001 s  <<< ERROR!
java.lang.RuntimeException: Implement me
	at uk.ac.bris.cs.scotlandyard.model.ModelRoundTest.testInitialPositionMatchFirstRound(ModelRoundTest.java:60)

testMrXIsTheFirstToPlay[ScotlandYardModel](uk.ac.bris.cs.scotlandyard.model.ModelRoundTest)  Time elapsed: 0.001 s  <<< ERROR!
java.lang.RuntimeException: Implement me
	at uk.ac.bris.cs.scotlandyard.model.ModelRoundTest.testMrXIsTheFirstToPlay(ModelRoundTest.java:158)

testCallbackWithIllegalMoveNotInGivenMovesWillThrow[ScotlandYardModel](uk.ac.bris.cs.scotlandyard.model.ModelRoundTest)  Time elapsed: 0.001 s  <<< FAILURE!
java.lang.AssertionError: 
Error at ModelRoundTest.testCallbackWithIllegalMoveNotInGivenMovesWillThrow(ModelRoundTest.java:212):

Wrong exception thrown: IllegalArgumentException expected but found:
java.lang.RuntimeException: Implement me
java.lang.RuntimeException: Implement me
	at uk.ac.bris.cs.scotlandyard.model.ScotlandYardModel.startRotate(ScotlandYardModel.java:132)
	at uk.ac.bris.cs.scotlandyard.harness.TestHarness$TestAssert.lambda$runInteractions$1(TestHarness.java:230)
	at uk.ac.bris.cs.scotlandyard.harness.TestHarness$TestAssert.runInteractions(TestHarness.java:243)
	at uk.ac.bris.cs.scotlandyard.harness.TestHarness$TestAssert.runInteractions(TestHarness.java:232)
	at uk.ac.bris.cs.scotlandyard.harness.TestHarness$TestAssert.shouldThrow(TestHarness.java:203)
	at uk.ac.bris.cs.scotlandyard.model.ModelRoundTest.testCallbackWithIllegalMoveNotInGivenMovesWillThrow(ModelRoundTest.java:212)
	at sun.reflect.NativeMethodAccessorImpl.invoke0(Native Method)
	at sun.reflect.NativeMethodAccessorImpl.invoke(NativeMethodAccessorImpl.java:62)
	at sun.reflect.DelegatingMethodAccessorImpl.invoke(DelegatingMethodAccessorImpl.java:43)
	at java.lang.reflect.Method.invoke(Method.java:498)
	at org.junit.runners.model.FrameworkMethod$1.runReflectiveCall(FrameworkMethod.java:50)
	at org.junit.internal.runners.model.ReflectiveCallable.run(ReflectiveCallable.java:12)
	at org.junit.runners.model.FrameworkMethod.invokeExplosively(FrameworkMethod.java:47)
	at org.junit.internal.runners.statements.InvokeMethod.evaluate(InvokeMethod.java:17)
	at org.junit.internal.runners.statements.RunBefores.evaluate(RunBefores.java:26)
	at org.junit.internal.runners.statements.RunAfters.evaluate(RunAfters.java:27)
	at org.junit.runners.ParentRunner.runLeaf(ParentRunner.java:325)
	at org.junit.runners.BlockJUnit4ClassRunner.runChild(BlockJUnit4ClassRunner.java:78)
	at org.junit.runners.BlockJUnit4ClassRunner.runChild(BlockJUnit4ClassRunner.java:57)
	at org.junit.runners.ParentRunner$3.run(ParentRunner.java:290)
	at org.junit.runners.ParentRunner$1.schedule(ParentRunner.java:71)
	at org.junit.runners.ParentRunner.runChildren(ParentRunner.java:288)
	at org.junit.runners.ParentRunner.access$000(ParentRunner.java:58)
	at org.junit.runners.ParentRunner$2.evaluate(ParentRunner.java:268)
	at org.junit.runners.ParentRunner.run(ParentRunner.java:363)
	at org.junit.runners.Suite.runChild(Suite.java:128)
	at org.junit.runners.Suite.runChild(Suite.java:27)
	at org.junit.runners.ParentRunner$3.run(ParentRunner.java:290)
	at org.junit.runners.ParentRunner$1.schedule(ParentRunner.java:71)
	at org.junit.runners.ParentRunner.runChildren(ParentRunner.java:288)
	at org.junit.runners.ParentRunner.access$000(ParentRunner.java:58)
	at org.junit.runners.ParentRunner$2.evaluate(ParentRunner.java:268)
	at org.junit.internal.runners.statements.RunBefores.evaluate(RunBefores.java:26)
	at org.junit.runners.ParentRunner.run(ParentRunner.java:363)
	at org.junit.runners.Suite.runChild(Suite.java:128)
	at org.junit.runners.Suite.runChild(Suite.java:27)
	at org.junit.runners.ParentRunner$3.run(ParentRunner.java:290)
	at org.junit.runners.ParentRunner$1.schedule(ParentRunner.java:71)
	at org.junit.runners.ParentRunner.runChildren(ParentRunner.java:288)
	at org.junit.runners.ParentRunner.access$000(ParentRunner.java:58)
	at org.junit.runners.ParentRunner$2.evaluate(ParentRunner.java:268)
	at org.junit.runners.ParentRunner.run(ParentRunner.java:363)
	at org.apache.maven.surefire.junit4.JUnit4Provider.execute(JUnit4Provider.java:365)
	at org.apache.maven.surefire.junit4.JUnit4Provider.executeWithRerun(JUnit4Provider.java:272)
	at org.apache.maven.surefire.junit4.JUnit4Provider.executeTestSet(JUnit4Provider.java:236)
	at org.apache.maven.surefire.junit4.JUnit4Provider.invoke(JUnit4Provider.java:159)
	at org.apache.maven.surefire.booter.ForkedBooter.invokeProviderInSameClassLoader(ForkedBooter.java:386)
	at org.apache.maven.surefire.booter.ForkedBooter.runSuitesInProcess(ForkedBooter.java:323)
	at org.apache.maven.surefire.booter.ForkedBooter.main(ForkedBooter.java:143)

	at uk.ac.bris.cs.scotlandyard.model.ModelRoundTest.testCallbackWithIllegalMoveNotInGivenMovesWillThrow(ModelRoundTest.java:212)

testMrXLocationCorrectWithOneRevealRound[ScotlandYardModel](uk.ac.bris.cs.scotlandyard.model.ModelPlayerTest)  Time elapsed: 0.004 s  <<< ERROR!
java.lang.RuntimeException: Implement me
	at uk.ac.bris.cs.scotlandyard.model.ModelPlayerTest.testMrXLocationCorrectWithOneRevealRound(ModelPlayerTest.java:294)

testMrXLocationCorrectWithOneHiddenRound[ScotlandYardModel](uk.ac.bris.cs.scotlandyard.model.ModelPlayerTest)  Time elapsed: 0.001 s  <<< ERROR!
java.lang.RuntimeException: Implement me
	at uk.ac.bris.cs.scotlandyard.model.ModelPlayerTest.testMrXLocationCorrectWithOneHiddenRound(ModelPlayerTest.java:313)

testDetectiveLocationAlwaysCorrect[ScotlandYardModel](uk.ac.bris.cs.scotlandyard.model.ModelPlayerTest)  Time elapsed: 0.001 s  <<< ERROR!
java.lang.RuntimeException: Implement me
	at uk.ac.bris.cs.scotlandyard.model.ModelPlayerTest.testDetectiveLocationAlwaysCorrect(ModelPlayerTest.java:217)

testMrXLocationCorrectOnRevealRound[ScotlandYardModel](uk.ac.bris.cs.scotlandyard.model.ModelPlayerTest)  Time elapsed: 0.001 s  <<< ERROR!
java.lang.RuntimeException: Implement me
	at uk.ac.bris.cs.scotlandyard.model.ModelPlayerTest.testMrXLocationCorrectOnRevealRound(ModelPlayerTest.java:242)

testDetectiveTicketsGivenToMrXOnlyAfterUse[ScotlandYardModel](uk.ac.bris.cs.scotlandyard.model.ModelPlayerTest)  Time elapsed: 0.003 s  <<< ERROR!
java.lang.RuntimeException: Implement me
	at uk.ac.bris.cs.scotlandyard.model.ModelPlayerTest.testDetectiveTicketsGivenToMrXOnlyAfterUse(ModelPlayerTest.java:68)

testMrXMovesToDestinationAfterDoubleMove[ScotlandYardModel](uk.ac.bris.cs.scotlandyard.model.ModelPlayerTest)  Time elapsed: 0.001 s  <<< ERROR!
java.lang.RuntimeException: Implement me
	at uk.ac.bris.cs.scotlandyard.model.ModelPlayerTest.testMrXMovesToDestinationAfterDoubleMove(ModelPlayerTest.java:83)

testMrXCorrectTicketDecrementsAfterDoubleMove[ScotlandYardModel](uk.ac.bris.cs.scotlandyard.model.ModelPlayerTest)  Time elapsed: 0.001 s  <<< ERROR!
java.lang.RuntimeException: Implement me
	at uk.ac.bris.cs.scotlandyard.model.ModelPlayerTest.testMrXCorrectTicketDecrementsAfterDoubleMove(ModelPlayerTest.java:98)

testMrXCorrectTicketDecrementsByOneAfterTicketMove[ScotlandYardModel](uk.ac.bris.cs.scotlandyard.model.ModelPlayerTest)  Time elapsed: 0.001 s  <<< ERROR!
java.lang.RuntimeException: Implement me
	at uk.ac.bris.cs.scotlandyard.model.ModelPlayerTest.testMrXCorrectTicketDecrementsByOneAfterTicketMove(ModelPlayerTest.java:129)

testDetectiveTicketCountHoldsAfterPassMove[ScotlandYardModel](uk.ac.bris.cs.scotlandyard.model.ModelPlayerTest)  Time elapsed: 0.001 s  <<< ERROR!
java.lang.RuntimeException: Implement me
	at uk.ac.bris.cs.scotlandyard.model.ModelPlayerTest.testDetectiveTicketCountHoldsAfterPassMove(ModelPlayerTest.java:194)

testDetectivePassMoveDoesNotAffectMrX[ScotlandYardModel](uk.ac.bris.cs.scotlandyard.model.ModelPlayerTest)  Time elapsed: 0.001 s  <<< ERROR!
java.lang.RuntimeException: Implement me
	at uk.ac.bris.cs.scotlandyard.model.ModelPlayerTest.testDetectivePassMoveDoesNotAffectMrX(ModelPlayerTest.java:49)

testMrXMovesToDestinationAfterTicketMove[ScotlandYardModel](uk.ac.bris.cs.scotlandyard.model.ModelPlayerTest)  Time elapsed: 0 s  <<< ERROR!
java.lang.RuntimeException: Implement me
	at uk.ac.bris.cs.scotlandyard.model.ModelPlayerTest.testMrXMovesToDestinationAfterTicketMove(ModelPlayerTest.java:115)

testMrXLocationIsHisLastRevealLocationOnHiddenRound[ScotlandYardModel](uk.ac.bris.cs.scotlandyard.model.ModelPlayerTest)  Time elapsed: 0.002 s  <<< ERROR!
java.lang.RuntimeException: Implement me
	at uk.ac.bris.cs.scotlandyard.model.ModelPlayerTest.testMrXLocationIsHisLastRevealLocationOnHiddenRound(ModelPlayerTest.java:275)

testDetectiveLocationHoldsAfterPassMove[ScotlandYardModel](uk.ac.bris.cs.scotlandyard.model.ModelPlayerTest)  Time elapsed: 0.001 s  <<< ERROR!
java.lang.RuntimeException: Implement me
	at uk.ac.bris.cs.scotlandyard.model.ModelPlayerTest.testDetectiveLocationHoldsAfterPassMove(ModelPlayerTest.java:178)

testDetectiveCorrectTicketDecrementsByOneAfterTicketMove[ScotlandYardModel](uk.ac.bris.cs.scotlandyard.model.ModelPlayerTest)  Time elapsed: 0.001 s  <<< ERROR!
java.lang.RuntimeException: Implement me
	at uk.ac.bris.cs.scotlandyard.model.ModelPlayerTest.testDetectiveCorrectTicketDecrementsByOneAfterTicketMove(ModelPlayerTest.java:161)

testDetectiveMovesToDestinationAfterTicketMove[ScotlandYardModel](uk.ac.bris.cs.scotlandyard.model.ModelPlayerTest)  Time elapsed: 0.001 s  <<< ERROR!
java.lang.RuntimeException: Implement me
	at uk.ac.bris.cs.scotlandyard.model.ModelPlayerTest.testDetectiveMovesToDestinationAfterTicketMove(ModelPlayerTest.java:144)

testMrXAt104ShouldProduce60ValidMoves[ScotlandYardModel](uk.ac.bris.cs.scotlandyard.model.ModelValidMoveTest)  Time elapsed: 0.004 s  <<< ERROR!
java.lang.RuntimeException: Implement me
	at uk.ac.bris.cs.scotlandyard.model.ModelValidMoveTest.testMrXAt104ShouldProduce60ValidMoves(ModelValidMoveTest.java:354)

testDetectiveMovesOmittedIfNotEnoughTickets[ScotlandYardModel](uk.ac.bris.cs.scotlandyard.model.ModelValidMoveTest)  Time elapsed: 0.001 s  <<< ERROR!
java.lang.RuntimeException: Implement me
	at uk.ac.bris.cs.scotlandyard.model.ModelValidMoveTest.testDetectiveMovesOmittedIfNotEnoughTickets(ModelValidMoveTest.java:74)

testMrXNoTicketMovesIfNoTicketMoveTickets[ScotlandYardModel](uk.ac.bris.cs.scotlandyard.model.ModelValidMoveTest)  Time elapsed: 0 s  <<< ERROR!
java.lang.RuntimeException: Implement me
	at uk.ac.bris.cs.scotlandyard.model.ModelValidMoveTest.testMrXNoTicketMovesIfNoTicketMoveTickets(ModelValidMoveTest.java:267)

testDetectiveMoveNotOmittedIfDestinationOccupiedByMrX[ScotlandYardModel](uk.ac.bris.cs.scotlandyard.model.ModelValidMoveTest)  Time elapsed: 0.001 s  <<< ERROR!
java.lang.RuntimeException: Implement me
	at uk.ac.bris.cs.scotlandyard.model.ModelValidMoveTest.testDetectiveMoveNotOmittedIfDestinationOccupiedByMrX(ModelValidMoveTest.java:121)

testDetectiveAt128MovesShouldProduce13ValidMoves[ScotlandYardModel](uk.ac.bris.cs.scotlandyard.model.ModelValidMoveTest)  Time elapsed: 0.001 s  <<< ERROR!
java.lang.RuntimeException: Implement me
	at uk.ac.bris.cs.scotlandyard.model.ModelValidMoveTest.testDetectiveAt128MovesShouldProduce13ValidMoves(ModelValidMoveTest.java:55)

testMrXMovesOmittedIfDestinationOccupiedByDetectives[ScotlandYardModel](uk.ac.bris.cs.scotlandyard.model.ModelValidMoveTest)  Time elapsed: 0.001 s  <<< ERROR!
java.lang.RuntimeException: Implement me
	at uk.ac.bris.cs.scotlandyard.model.ModelValidMoveTest.testMrXMovesOmittedIfDestinationOccupiedByDetectives(ModelValidMoveTest.java:174)

testMrXMustHaveEnoughTicketsForDoubleMove[ScotlandYardModel](uk.ac.bris.cs.scotlandyard.model.ModelValidMoveTest)  Time elapsed: 0.001 s  <<< ERROR!
java.lang.RuntimeException: Implement me
	at uk.ac.bris.cs.scotlandyard.model.ModelValidMoveTest.testMrXMustHaveEnoughTicketsForDoubleMove(ModelValidMoveTest.java:196)

testMrXOnlySecretMovesIfOnlySecretMoveTicketsLeft[ScotlandYardModel](uk.ac.bris.cs.scotlandyard.model.ModelValidMoveTest)  Time elapsed: 0 s  <<< ERROR!
java.lang.RuntimeException: Implement me
	at uk.ac.bris.cs.scotlandyard.model.ModelValidMoveTest.testMrXOnlySecretMovesIfOnlySecretMoveTicketsLeft(ModelValidMoveTest.java:281)

testDetectiveMoveOmittedIfLocationOccupiedByOtherDetective[ScotlandYardModel](uk.ac.bris.cs.scotlandyard.model.ModelValidMoveTest)  Time elapsed: 0.001 s  <<< ERROR!
java.lang.RuntimeException: Implement me
	at uk.ac.bris.cs.scotlandyard.model.ModelValidMoveTest.testDetectiveMoveOmittedIfLocationOccupiedByOtherDetective(ModelValidMoveTest.java:106)

testMrXNoDoubleMovesIfNotEnoughRoundLeft[ScotlandYardModel](uk.ac.bris.cs.scotlandyard.model.ModelValidMoveTest)  Time elapsed: 0 s  <<< ERROR!
java.lang.RuntimeException: Implement me
	at uk.ac.bris.cs.scotlandyard.model.ModelValidMoveTest.testMrXNoDoubleMovesIfNotEnoughRoundLeft(ModelValidMoveTest.java:253)

testMrXNoDoubleMovesIfNoDoubleMoveTickets[ScotlandYardModel](uk.ac.bris.cs.scotlandyard.model.ModelValidMoveTest)  Time elapsed: 0.001 s  <<< ERROR!
java.lang.RuntimeException: Implement me
	at uk.ac.bris.cs.scotlandyard.model.ModelValidMoveTest.testMrXNoDoubleMovesIfNoDoubleMoveTickets(ModelValidMoveTest.java:237)

testMrXDoubleMoveIntermediateMovesOmittedIfDestinationOccupiedByDetectives[ScotlandYardModel](uk.ac.bris.cs.scotlandyard.model.ModelValidMoveTest)  Time elapsed: 0.001 s  <<< ERROR!
java.lang.RuntimeException: Implement me
	at uk.ac.bris.cs.scotlandyard.model.ModelValidMoveTest.testMrXDoubleMoveIntermediateMovesOmittedIfDestinationOccupiedByDetectives(ModelValidMoveTest.java:161)

testMrXNoSecretMovesIfNoSecretMoveTickets[ScotlandYardModel](uk.ac.bris.cs.scotlandyard.model.ModelValidMoveTest)  Time elapsed: 0.001 s  <<< ERROR!
java.lang.RuntimeException: Implement me
	at uk.ac.bris.cs.scotlandyard.model.ModelValidMoveTest.testMrXNoSecretMovesIfNoSecretMoveTickets(ModelValidMoveTest.java:222)

testDetectiveWithNoValidMovesShouldProducePassMove[ScotlandYardModel](uk.ac.bris.cs.scotlandyard.model.ModelValidMoveTest)  Time elapsed: 0.002 s  <<< ERROR!
java.lang.RuntimeException: Implement me
	at uk.ac.bris.cs.scotlandyard.model.ModelValidMoveTest.testDetectiveWithNoValidMovesShouldProducePassMove(ModelValidMoveTest.java:88)

testDoubleMoveShouldNotifyRoundStartTwoTimesInOrder[ScotlandYardModel](uk.ac.bris.cs.scotlandyard.model.ModelSpectatorTest)  Time elapsed: 0.001 s  <<< ERROR!
java.lang.RuntimeException: Implement me
	at uk.ac.bris.cs.scotlandyard.model.ModelSpectatorTest.testDoubleMoveShouldNotifyRoundStartTwoTimesInOrder(ModelSpectatorTest.java:136)

testAllPlayersPlayedWithOneDoubleMoveShouldNotifyRotationCompletedOnce[ScotlandYardModel](uk.ac.bris.cs.scotlandyard.model.ModelSpectatorTest)  Time elapsed: 0.001 s  <<< ERROR!
java.lang.RuntimeException: Implement me
	at uk.ac.bris.cs.scotlandyard.model.ModelSpectatorTest.testAllPlayersPlayedWithOneDoubleMoveShouldNotifyRotationCompletedOnce(ModelSpectatorTest.java:315)

testDoubleMoveShouldNotifyMoveMadeThreeTimesInOrder[ScotlandYardModel](uk.ac.bris.cs.scotlandyard.model.ModelSpectatorTest)  Time elapsed: 0 s  <<< ERROR!
java.lang.RuntimeException: Implement me
	at uk.ac.bris.cs.scotlandyard.model.ModelSpectatorTest.testDoubleMoveShouldNotifyMoveMadeThreeTimesInOrder(ModelSpectatorTest.java:154)

testDoubleMoveShouldNotifyWithCorrectTicketAndLastDestinationDuringHiddenRound[ScotlandYardModel](uk.ac.bris.cs.scotlandyard.model.ModelSpectatorTest)  Time elapsed: 0 s  <<< ERROR!
java.lang.RuntimeException: Implement me
	at uk.ac.bris.cs.scotlandyard.model.ModelSpectatorTest.testDoubleMoveShouldNotifyWithCorrectTicketAndLastDestinationDuringHiddenRound(ModelSpectatorTest.java:169)

testUnregisterIllegalSpectatorShouldThrow[ScotlandYardModel](uk.ac.bris.cs.scotlandyard.model.ModelSpectatorTest)  Time elapsed: 0.002 s  <<< FAILURE!
java.lang.AssertionError: 

Expecting:
  <java.lang.RuntimeException: Implement me>
to be an instance of:
  <java.lang.IllegalArgumentException>
but was:
  <"java.lang.RuntimeException: Implement me
	at uk.ac.bris.cs.scotlandyard.model.ScotlandYardModel.unregisterSpectator(ScotlandYardModel.java:126)
	at uk.ac.bris.cs.scotlandyard.model.ModelSpectatorTest.lambda$testUnregisterIllegalSpectatorShouldThrow$4(ModelSpectatorTest.java:126)
	at org.assertj.core.api.ThrowableAssert.catchThrowable(ThrowableAssert.java:62)
	at org.assertj.core.api.AssertionsForClassTypes.catchThrowable(AssertionsForClassTypes.java:779)
	at org.assertj.core.api.Assertions.catchThrowable(Assertions.java:1198)
	at org.assertj.core.api.Assertions.assertThatThrownBy(Assertions.java:1092)
	at uk.ac.bris.cs.scotlandyard.model.ModelSpectatorTest.testUnregisterIllegalSpectatorShouldThrow(ModelSpectatorTest.java:126)
	at sun.reflect.NativeMethodAccessorImpl.invoke0(Native Method)
	at sun.reflect.NativeMethodAccessorImpl.invoke(NativeMethodAccessorImpl.java:62)
	at sun.reflect.DelegatingMethodAccessorImpl.invoke(DelegatingMethodAccessorImpl.java:43)
	at java.lang.reflect.Method.invoke(Method.java:498)
	at org.junit.runners.model.FrameworkMethod$1.runReflectiveCall(FrameworkMethod.java:50)
	at org.junit.internal.runners.model.ReflectiveCallable.run(ReflectiveCallable.java:12)
	at org.junit.runners.model.FrameworkMethod.invokeExplosively(FrameworkMethod.java:47)
	at org.junit.internal.runners.statements.InvokeMethod.evaluate(InvokeMethod.java:17)
	at org.junit.internal.runners.statements.RunBefores.evaluate(RunBefores.java:26)
	at org.junit.internal.runners.statements.RunAfters.evaluate(RunAfters.java:27)
	at org.junit.runners.ParentRunner.runLeaf(ParentRunner.java:325)
	at org.junit.runners.BlockJUnit4ClassRunner.runChild(BlockJUnit4ClassRunner.java:78)
	at org.junit.runners.BlockJUnit4ClassRunner.runChild(BlockJUnit4ClassRunner.java:57)
	at org.junit.runners.ParentRunner$3.run(ParentRunner.java:290)
	at org.junit.runners.ParentRunner$1.schedule(ParentRunner.java:71)
	at org.junit.runners.ParentRunner.runChildren(ParentRunner.java:288)
	at org.junit.runners.ParentRunner.access$000(ParentRunner.java:58)
	at org.junit.runners.ParentRunner$2.evaluate(ParentRunner.java:268)
	at org.junit.runners.ParentRunner.run(ParentRunner.java:363)
	at org.junit.runners.Suite.runChild(Suite.java:128)
	at org.junit.runners.Suite.runChild(Suite.java:27)
	at org.junit.runners.ParentRunner$3.run(ParentRunner.java:290)
	at org.junit.runners.ParentRunner$1.schedule(ParentRunner.java:71)
	at org.junit.runners.ParentRunner.runChildren(ParentRunner.java:288)
	at org.junit.runners.ParentRunner.access$000(ParentRunner.java:58)
	at org.junit.runners.ParentRunner$2.evaluate(ParentRunner.java:268)
	at org.junit.internal.runners.statements.RunBefores.evaluate(RunBefores.java:26)
	at org.junit.runners.ParentRunner.run(ParentRunner.java:363)
	at org.junit.runners.Suite.runChild(Suite.java:128)
	at org.junit.runners.Suite.runChild(Suite.java:27)
	at org.junit.runners.ParentRunner$3.run(ParentRunner.java:290)
	at org.junit.runners.ParentRunner$1.schedule(ParentRunner.java:71)
	at org.junit.runners.ParentRunner.runChildren(ParentRunner.java:288)
	at org.junit.runners.ParentRunner.access$000(ParentRunner.java:58)
	at org.junit.runners.ParentRunner$2.evaluate(ParentRunner.java:268)
	at org.junit.runners.ParentRunner.run(ParentRunner.java:363)
	at org.apache.maven.surefire.junit4.JUnit4Provider.execute(JUnit4Provider.java:365)
	at org.apache.maven.surefire.junit4.JUnit4Provider.executeWithRerun(JUnit4Provider.java:272)
	at org.apache.maven.surefire.junit4.JUnit4Provider.executeTestSet(JUnit4Provider.java:236)
	at org.apache.maven.surefire.junit4.JUnit4Provider.invoke(JUnit4Provider.java:159)
	at org.apache.maven.surefire.booter.ForkedBooter.invokeProviderInSameClassLoader(ForkedBooter.java:386)
	at org.apache.maven.surefire.booter.ForkedBooter.runSuitesInProcess(ForkedBooter.java:323)
	at org.apache.maven.surefire.booter.ForkedBooter.main(ForkedBooter.java:143)
">
	at uk.ac.bris.cs.scotlandyard.model.ModelSpectatorTest.testUnregisterIllegalSpectatorShouldThrow(ModelSpectatorTest.java:127)

testAllPlayersPlayedShouldNotifyRotationCompletedOnce[ScotlandYardModel](uk.ac.bris.cs.scotlandyard.model.ModelSpectatorTest)  Time elapsed: 0.001 s  <<< ERROR!
java.lang.RuntimeException: Implement me
	at uk.ac.bris.cs.scotlandyard.model.ModelSpectatorTest.testAllPlayersPlayedShouldNotifyRotationCompletedOnce(ModelSpectatorTest.java:284)

testDoubleMoveShouldNotifyWithCorrectTicketAndDestinationWhenGoingFromRevealToHiddenRound[ScotlandYardModel](uk.ac.bris.cs.scotlandyard.model.ModelSpectatorTest)  Time elapsed: 0.001 s  <<< ERROR!
java.lang.RuntimeException: Implement me
	at uk.ac.bris.cs.scotlandyard.model.ModelSpectatorTest.testDoubleMoveShouldNotifyWithCorrectTicketAndDestinationWhenGoingFromRevealToHiddenRound(ModelSpectatorTest.java:201)

testDetectiveTicketMoveShouldNotifyWithCorrectTicketAndDestinationDuringRevealRound[ScotlandYardModel](uk.ac.bris.cs.scotlandyard.model.ModelSpectatorTest)  Time elapsed: 0 s  <<< ERROR!
java.lang.RuntimeException: Implement me
	at uk.ac.bris.cs.scotlandyard.model.ModelSpectatorTest.testDetectiveTicketMoveShouldNotifyWithCorrectTicketAndDestinationDuringRevealRound(ModelSpectatorTest.java:252)

testDetectiveTicketMoveShouldNotifyWithCorrectTicketAndDestinationDuringHiddenRound[ScotlandYardModel](uk.ac.bris.cs.scotlandyard.model.ModelSpectatorTest)  Time elapsed: 0 s  <<< ERROR!
java.lang.RuntimeException: Implement me
	at uk.ac.bris.cs.scotlandyard.model.ModelSpectatorTest.testDetectiveTicketMoveShouldNotifyWithCorrectTicketAndDestinationDuringHiddenRound(ModelSpectatorTest.java:237)

testFinalMoveShouldNotifyMoveAndThenNotifyGameOver[ScotlandYardModel](uk.ac.bris.cs.scotlandyard.model.ModelSpectatorTest)  Time elapsed: 0.001 s  <<< ERROR!
java.lang.RuntimeException: Implement me
	at uk.ac.bris.cs.scotlandyard.model.ModelSpectatorTest.testFinalMoveShouldNotifyMoveAndThenNotifyGameOver(ModelSpectatorTest.java:365)

testRegisterAndUnregisterSpectator[ScotlandYardModel](uk.ac.bris.cs.scotlandyard.model.ModelSpectatorTest)  Time elapsed: 0 s  <<< ERROR!
java.lang.RuntimeException: Implement me
	at uk.ac.bris.cs.scotlandyard.model.ModelSpectatorTest.testRegisterAndUnregisterSpectator(ModelSpectatorTest.java:93)

testRegisterSameSpectatorTwiceShouldThrow[ScotlandYardModel](uk.ac.bris.cs.scotlandyard.model.ModelSpectatorTest)  Time elapsed: 0.001 s  <<< ERROR!
java.lang.RuntimeException: Implement me
	at uk.ac.bris.cs.scotlandyard.model.ModelSpectatorTest.testRegisterSameSpectatorTwiceShouldThrow(ModelSpectatorTest.java:118)

testPassMoveShouldNotifyOnce[ScotlandYardModel](uk.ac.bris.cs.scotlandyard.model.ModelSpectatorTest)  Time elapsed: 0 s  <<< ERROR!
java.lang.RuntimeException: Implement me
	at uk.ac.bris.cs.scotlandyard.model.ModelSpectatorTest.testPassMoveShouldNotifyOnce(ModelSpectatorTest.java:268)

testRegisterNullSpectatorShouldThrow[ScotlandYardModel](uk.ac.bris.cs.scotlandyard.model.ModelSpectatorTest)  Time elapsed: 0.003 s  <<< FAILURE!
java.lang.AssertionError: 

Expecting:
  <java.lang.RuntimeException: Implement me>
to be an instance of:
  <java.lang.NullPointerException>
but was:
  <"java.lang.RuntimeException: Implement me
	at uk.ac.bris.cs.scotlandyard.model.ScotlandYardModel.registerSpectator(ScotlandYardModel.java:120)
	at uk.ac.bris.cs.scotlandyard.model.ModelSpectatorTest.lambda$testRegisterNullSpectatorShouldThrow$0(ModelSpectatorTest.java:67)
	at org.assertj.core.api.ThrowableAssert.catchThrowable(ThrowableAssert.java:62)
	at org.assertj.core.api.AssertionsForClassTypes.catchThrowable(AssertionsForClassTypes.java:779)
	at org.assertj.core.api.Assertions.catchThrowable(Assertions.java:1198)
	at org.assertj.core.api.Assertions.assertThatThrownBy(Assertions.java:1092)
	at uk.ac.bris.cs.scotlandyard.model.ModelSpectatorTest.testRegisterNullSpectatorShouldThrow(ModelSpectatorTest.java:67)
	at sun.reflect.NativeMethodAccessorImpl.invoke0(Native Method)
	at sun.reflect.NativeMethodAccessorImpl.invoke(NativeMethodAccessorImpl.java:62)
	at sun.reflect.DelegatingMethodAccessorImpl.invoke(DelegatingMethodAccessorImpl.java:43)
	at java.lang.reflect.Method.invoke(Method.java:498)
	at org.junit.runners.model.FrameworkMethod$1.runReflectiveCall(FrameworkMethod.java:50)
	at org.junit.internal.runners.model.ReflectiveCallable.run(ReflectiveCallable.java:12)
	at org.junit.runners.model.FrameworkMethod.invokeExplosively(FrameworkMethod.java:47)
	at org.junit.internal.runners.statements.InvokeMethod.evaluate(InvokeMethod.java:17)
	at org.junit.internal.runners.statements.RunBefores.evaluate(RunBefores.java:26)
	at org.junit.internal.runners.statements.RunAfters.evaluate(RunAfters.java:27)
	at org.junit.runners.ParentRunner.runLeaf(ParentRunner.java:325)
	at org.junit.runners.BlockJUnit4ClassRunner.runChild(BlockJUnit4ClassRunner.java:78)
	at org.junit.runners.BlockJUnit4ClassRunner.runChild(BlockJUnit4ClassRunner.java:57)
	at org.junit.runners.ParentRunner$3.run(ParentRunner.java:290)
	at org.junit.runners.ParentRunner$1.schedule(ParentRunner.java:71)
	at org.junit.runners.ParentRunner.runChildren(ParentRunner.java:288)
	at org.junit.runners.ParentRunner.access$000(ParentRunner.java:58)
	at org.junit.runners.ParentRunner$2.evaluate(ParentRunner.java:268)
	at org.junit.runners.ParentRunner.run(ParentRunner.java:363)
	at org.junit.runners.Suite.runChild(Suite.java:128)
	at org.junit.runners.Suite.runChild(Suite.java:27)
	at org.junit.runners.ParentRunner$3.run(ParentRunner.java:290)
	at org.junit.runners.ParentRunner$1.schedule(ParentRunner.java:71)
	at org.junit.runners.ParentRunner.runChildren(ParentRunner.java:288)
	at org.junit.runners.ParentRunner.access$000(ParentRunner.java:58)
	at org.junit.runners.ParentRunner$2.evaluate(ParentRunner.java:268)
	at org.junit.internal.runners.statements.RunBefores.evaluate(RunBefores.java:26)
	at org.junit.runners.ParentRunner.run(ParentRunner.java:363)
	at org.junit.runners.Suite.runChild(Suite.java:128)
	at org.junit.runners.Suite.runChild(Suite.java:27)
	at org.junit.runners.ParentRunner$3.run(ParentRunner.java:290)
	at org.junit.runners.ParentRunner$1.schedule(ParentRunner.java:71)
	at org.junit.runners.ParentRunner.runChildren(ParentRunner.java:288)
	at org.junit.runners.ParentRunner.access$000(ParentRunner.java:58)
	at org.junit.runners.ParentRunner$2.evaluate(ParentRunner.java:268)
	at org.junit.runners.ParentRunner.run(ParentRunner.java:363)
	at org.apache.maven.surefire.junit4.JUnit4Provider.execute(JUnit4Provider.java:365)
	at org.apache.maven.surefire.junit4.JUnit4Provider.executeWithRerun(JUnit4Provider.java:272)
	at org.apache.maven.surefire.junit4.JUnit4Provider.executeTestSet(JUnit4Provider.java:236)
	at org.apache.maven.surefire.junit4.JUnit4Provider.invoke(JUnit4Provider.java:159)
	at org.apache.maven.surefire.booter.ForkedBooter.invokeProviderInSameClassLoader(ForkedBooter.java:386)
	at org.apache.maven.surefire.booter.ForkedBooter.runSuitesInProcess(ForkedBooter.java:323)
	at org.apache.maven.surefire.booter.ForkedBooter.main(ForkedBooter.java:143)
">
	at uk.ac.bris.cs.scotlandyard.model.ModelSpectatorTest.testRegisterNullSpectatorShouldThrow(ModelSpectatorTest.java:68)

testMrXCaptureShouldNotifyMoveAndThenNotifyGameOver[ScotlandYardModel](uk.ac.bris.cs.scotlandyard.model.ModelSpectatorTest)  Time elapsed: 0.001 s  <<< ERROR!
java.lang.RuntimeException: Implement me
	at uk.ac.bris.cs.scotlandyard.model.ModelSpectatorTest.testMrXCaptureShouldNotifyMoveAndThenNotifyGameOver(ModelSpectatorTest.java:351)

testGetSpectatorIsImmutable[ScotlandYardModel](uk.ac.bris.cs.scotlandyard.model.ModelSpectatorTest)  Time elapsed: 0.002 s  <<< ERROR!
java.lang.RuntimeException: Implement me
	at uk.ac.bris.cs.scotlandyard.model.ModelSpectatorTest.testGetSpectatorIsImmutable(ModelSpectatorTest.java:84)

testStartRotateShouldNotifyRoundStartedOnce[ScotlandYardModel](uk.ac.bris.cs.scotlandyard.model.ModelSpectatorTest)  Time elapsed: 0.001 s  <<< ERROR!
java.lang.RuntimeException: Implement me
	at uk.ac.bris.cs.scotlandyard.model.ModelSpectatorTest.testStartRotateShouldNotifyRoundStartedOnce(ModelSpectatorTest.java:329)

testNotifyRotationCompleteAfterRotationIsReallyComplete[ScotlandYardModel](uk.ac.bris.cs.scotlandyard.model.ModelSpectatorTest)  Time elapsed: 0 s  <<< ERROR!
java.lang.RuntimeException: Implement me
	at uk.ac.bris.cs.scotlandyard.model.ModelSpectatorTest.testNotifyRotationCompleteAfterRotationIsReallyComplete(ModelSpectatorTest.java:298)

testGameOverShouldNotifyGameOverOnce[ScotlandYardModel](uk.ac.bris.cs.scotlandyard.model.ModelSpectatorTest)  Time elapsed: 0.001 s  <<< ERROR!
java.lang.RuntimeException: Implement me
	at uk.ac.bris.cs.scotlandyard.model.ModelSpectatorTest.testGameOverShouldNotifyGameOverOnce(ModelSpectatorTest.java:340)

testUnregisterNullSpectatorShouldThrow[ScotlandYardModel](uk.ac.bris.cs.scotlandyard.model.ModelSpectatorTest)  Time elapsed: 0.002 s  <<< FAILURE!
java.lang.AssertionError: 

Expecting:
  <java.lang.RuntimeException: Implement me>
to be an instance of:
  <java.lang.NullPointerException>
but was:
  <"java.lang.RuntimeException: Implement me
	at uk.ac.bris.cs.scotlandyard.model.ScotlandYardModel.unregisterSpectator(ScotlandYardModel.java:126)
	at uk.ac.bris.cs.scotlandyard.model.ModelSpectatorTest.lambda$testUnregisterNullSpectatorShouldThrow$1(ModelSpectatorTest.java:73)
	at org.assertj.core.api.ThrowableAssert.catchThrowable(ThrowableAssert.java:62)
	at org.assertj.core.api.AssertionsForClassTypes.catchThrowable(AssertionsForClassTypes.java:779)
	at org.assertj.core.api.Assertions.catchThrowable(Assertions.java:1198)
	at org.assertj.core.api.Assertions.assertThatThrownBy(Assertions.java:1092)
	at uk.ac.bris.cs.scotlandyard.model.ModelSpectatorTest.testUnregisterNullSpectatorShouldThrow(ModelSpectatorTest.java:73)
	at sun.reflect.NativeMethodAccessorImpl.invoke0(Native Method)
	at sun.reflect.NativeMethodAccessorImpl.invoke(NativeMethodAccessorImpl.java:62)
	at sun.reflect.DelegatingMethodAccessorImpl.invoke(DelegatingMethodAccessorImpl.java:43)
	at java.lang.reflect.Method.invoke(Method.java:498)
	at org.junit.runners.model.FrameworkMethod$1.runReflectiveCall(FrameworkMethod.java:50)
	at org.junit.internal.runners.model.ReflectiveCallable.run(ReflectiveCallable.java:12)
	at org.junit.runners.model.FrameworkMethod.invokeExplosively(FrameworkMethod.java:47)
	at org.junit.internal.runners.statements.InvokeMethod.evaluate(InvokeMethod.java:17)
	at org.junit.internal.runners.statements.RunBefores.evaluate(RunBefores.java:26)
	at org.junit.internal.runners.statements.RunAfters.evaluate(RunAfters.java:27)
	at org.junit.runners.ParentRunner.runLeaf(ParentRunner.java:325)
	at org.junit.runners.BlockJUnit4ClassRunner.runChild(BlockJUnit4ClassRunner.java:78)
	at org.junit.runners.BlockJUnit4ClassRunner.runChild(BlockJUnit4ClassRunner.java:57)
	at org.junit.runners.ParentRunner$3.run(ParentRunner.java:290)
	at org.junit.runners.ParentRunner$1.schedule(ParentRunner.java:71)
	at org.junit.runners.ParentRunner.runChildren(ParentRunner.java:288)
	at org.junit.runners.ParentRunner.access$000(ParentRunner.java:58)
	at org.junit.runners.ParentRunner$2.evaluate(ParentRunner.java:268)
	at org.junit.runners.ParentRunner.run(ParentRunner.java:363)
	at org.junit.runners.Suite.runChild(Suite.java:128)
	at org.junit.runners.Suite.runChild(Suite.java:27)
	at org.junit.runners.ParentRunner$3.run(ParentRunner.java:290)
	at org.junit.runners.ParentRunner$1.schedule(ParentRunner.java:71)
	at org.junit.runners.ParentRunner.runChildren(ParentRunner.java:288)
	at org.junit.runners.ParentRunner.access$000(ParentRunner.java:58)
	at org.junit.runners.ParentRunner$2.evaluate(ParentRunner.java:268)
	at org.junit.internal.runners.statements.RunBefores.evaluate(RunBefores.java:26)
	at org.junit.runners.ParentRunner.run(ParentRunner.java:363)
	at org.junit.runners.Suite.runChild(Suite.java:128)
	at org.junit.runners.Suite.runChild(Suite.java:27)
	at org.junit.runners.ParentRunner$3.run(ParentRunner.java:290)
	at org.junit.runners.ParentRunner$1.schedule(ParentRunner.java:71)
	at org.junit.runners.ParentRunner.runChildren(ParentRunner.java:288)
	at org.junit.runners.ParentRunner.access$000(ParentRunner.java:58)
	at org.junit.runners.ParentRunner$2.evaluate(ParentRunner.java:268)
	at org.junit.runners.ParentRunner.run(ParentRunner.java:363)
	at org.apache.maven.surefire.junit4.JUnit4Provider.execute(JUnit4Provider.java:365)
	at org.apache.maven.surefire.junit4.JUnit4Provider.executeWithRerun(JUnit4Provider.java:272)
	at org.apache.maven.surefire.junit4.JUnit4Provider.executeTestSet(JUnit4Provider.java:236)
	at org.apache.maven.surefire.junit4.JUnit4Provider.invoke(JUnit4Provider.java:159)
	at org.apache.maven.surefire.booter.ForkedBooter.invokeProviderInSameClassLoader(ForkedBooter.java:386)
	at org.apache.maven.surefire.booter.ForkedBooter.runSuitesInProcess(ForkedBooter.java:323)
	at org.apache.maven.surefire.booter.ForkedBooter.main(ForkedBooter.java:143)
">
	at uk.ac.bris.cs.scotlandyard.model.ModelSpectatorTest.testUnregisterNullSpectatorShouldThrow(ModelSpectatorTest.java:74)

testDoubleMoveShouldNotifyWithCorrectTicketAndDestinationDuringRevealRound[ScotlandYardModel](uk.ac.bris.cs.scotlandyard.model.ModelSpectatorTest)  Time elapsed: 0.001 s  <<< ERROR!
java.lang.RuntimeException: Implement me
	at uk.ac.bris.cs.scotlandyard.model.ModelSpectatorTest.testDoubleMoveShouldNotifyWithCorrectTicketAndDestinationDuringRevealRound(ModelSpectatorTest.java:185)

testRegisterAndUnregisterMoreThanOneSpectator[ScotlandYardModel](uk.ac.bris.cs.scotlandyard.model.ModelSpectatorTest)  Time elapsed: 0.002 s  <<< ERROR!
java.lang.RuntimeException: Implement me
	at uk.ac.bris.cs.scotlandyard.model.ModelSpectatorTest.testRegisterAndUnregisterMoreThanOneSpectator(ModelSpectatorTest.java:104)

testDoubleMoveShouldNotifyWithCorrectTicketAndDestinationWhenGoingFromHiddenToRevealRound[ScotlandYardModel](uk.ac.bris.cs.scotlandyard.model.ModelSpectatorTest)  Time elapsed: 0 s  <<< ERROR!
java.lang.RuntimeException: Implement me
	at uk.ac.bris.cs.scotlandyard.model.ModelSpectatorTest.testDoubleMoveShouldNotifyWithCorrectTicketAndDestinationWhenGoingFromHiddenToRevealRound(ModelSpectatorTest.java:219)

testNoSpectatorsByDefault[ScotlandYardModel](uk.ac.bris.cs.scotlandyard.model.ModelSpectatorTest)  Time elapsed: 0.001 s  <<< ERROR!
java.lang.RuntimeException: Implement me
	at uk.ac.bris.cs.scotlandyard.model.ModelSpectatorTest.testNoSpectatorsByDefault(ModelSpectatorTest.java:79)

